<?xml version="1.0" encoding="UTF-8"?>
<!-- Generated by org.testng.reporters.JUnitXMLReporter -->
<testsuite hostname="chetan-PC" ignored="0" name="Front Accounting TestCases" tests="3" failures="1" timestamp="28 Dec 2018 10:51:27 GMT" time="46.37" errors="0">
  <testcase name="verifySalesTypeName" time="0.017" classname="com.test.testcases.SalesTypesPageTest"/>
  <testcase name="verifySalesTypesTittle" time="0.02" classname="com.test.testcases.SalesTypesPageTest">
    <failure type="java.lang.AssertionError" message="expected [Sles Types] but found [Sales Types]">
      <![CDATA[java.lang.AssertionError: expected [Sles Types] but found [Sales Types]
at com.test.testcases.SalesTypesPageTest.verifySalesTypesTittle(SalesTypesPageTest.java:51)
... Removed 31 stack frames]]>
    </failure>
  </testcase> <!-- verifySalesTypesTittle -->
  <testcase name="loginTitleTest" time="0.022" classname="com.test.testcases.LoginPageTest"/>
</testsuite> <!-- Front Accounting TestCases -->
